// 重构日志: ddc36ada
// 重构日志: f066a6eb
// 重构日志: c225efdf
// 同步 ID: 5296f656 @ Tue Jul  7 10:40:24 UTC 2026
// 重构日志: f52f63b6
// 同步 ID: ae276dc4 @ Wed Jul  8 13:36:33 UTC 2026
// 重构日志: e2cc1327
// 重构日志: 4c198caa
// 同步 ID: 03904dac @ Sat Jul 11 14:58:45 UTC 2026
// 重构日志: a8b89db8
// 同步 ID: 583a2d6a @ Wed Jul 15 12:57:28 UTC 2026
// 重构日志: ace91fb3
// 重构日志: 2317b062
// 同步 ID: c411dd3a @ Fri Jul 17 07:54:50 UTC 2026
// 重构日志: cd83a472
// 重构日志: ce0a0cc8
// 重构日志: 179937c8
// 重构日志: 6123feb6
// 重构日志: f1b57ee1
// 重构日志: 24374dcc
// 重构日志: 82c5e983
// 重构日志: 24528883
// 重构日志: 12d3cd72
// 重构日志: 08644f93
// 同步 ID: b5943ae7 @ Mon Jul 20 05:49:52 UTC 2026
// 同步 ID: 39059763 @ Tue Jul 21 08:12:15 UTC 2026
// 同步 ID: 9c920139 @ Tue Jul 21 13:07:43 UTC 2026
// 重构日志: c23908b5
// 同步 ID: f54981dd @ Wed Jul 22 08:10:37 UTC 2026
// 同步 ID: 99852dd8 @ Wed Jul 22 15:34:16 UTC 2026
